<?xml version="1.1" encoding="UTF-8"?>
<testsuite name="CalculatorTest" tests="2" failures="0" errors="0" timestamp="2015-11-28T16:25:44" hostname="localhost.localdomain" time="0.001">
  <properties/>
  <testcase name="add2_2" classname="CalculatorTest" time="0.001"/>
  <testcase name="add_1_1" classname="CalculatorTest" time="0.0"/>
  <system-out><![CDATA[]]></system-out>
  <system-err><![CDATA[]]></system-err>
</testsuite>
