<?xml version="1.1" encoding="UTF-8"?>
<testsuite name="CodeBreakerTest" tests="5" failures="0" errors="0" timestamp="2015-11-28T16:25:44" hostname="localhost.localdomain" time="0.002">
  <properties/>
  <testcase name="firstAssert" classname="CodeBreakerTest" time="0.001"/>
  <testcase name="allAssert" classname="CodeBreakerTest" time="0.0"/>
  <testcase name="allFailed" classname="CodeBreakerTest" time="0.0"/>
  <testcase name="firstPresent" classname="CodeBreakerTest" time="0.0"/>
  <testcase name="allPresent" classname="CodeBreakerTest" time="0.0"/>
  <system-out><![CDATA[]]></system-out>
  <system-err><![CDATA[]]></system-err>
</testsuite>
