<?xml version="1.0" encoding="UTF-8"?>
<testsuite name="CodeBreakerTest" tests="3" skipped="0" failures="0" errors="0" timestamp="2015-11-07T16:56:34" hostname="MaldicionChina" time="0.005">
  <properties/>
  <testcase name="allAssert" classname="CodeBreakerTest" time="0.002"/>
  <testcase name="allFailed" classname="CodeBreakerTest" time="0.0"/>
  <testcase name="oneAssert" classname="CodeBreakerTest" time="0.0"/>
  <system-out><![CDATA[]]></system-out>
  <system-err><![CDATA[]]></system-err>
</testsuite>
